<?xml version="1.0" encoding="UTF-8"?>
<!-- Generated by org.testng.reporters.JUnitReportReporter -->
<testsuite skipped="0" hostname="LAPTOP-89PT9N6I" name="com.testleaf.tests.CreateLeadTest" tests="1" failures="0" timestamp="2021-05-22T17:59:38 IST" time="16.466" errors="0">
  <testcase name="testCreateLead" time="16.466" classname="com.testleaf.tests.CreateLeadTest"/>
  <system-out/>
</testsuite> <!-- com.testleaf.tests.CreateLeadTest -->
